<?xml version="1.0" encoding="UTF-8"?>
<!-- Generated by org.testng.reporters.JUnitReportReporter -->
<testsuite hostname="DESKTOP-V2ONJQQ" failures="0" tests="2" name="tests.TestClass" time="0.151" errors="0" timestamp="2023-03-15T16:57:54 IST" skipped="0">
  <testcase classname="tests.TestClass" name="verifyTitleTest" time="0.031"/>
  <system-out/>
  <testcase classname="tests.TestClass" name="logoTest" time="0.120"/>
  <system-out/>
</testsuite> <!-- tests.TestClass -->
